<?xml version="1.0" encoding="UTF-8"?>
<!-- Generated by org.testng.reporters.JUnitXMLReporter -->
<testsuite ignored="1" hostname="user" failures="0" tests="1" name="Surefire test" time="0.145" errors="0" timestamp="15 Jul. 2023 08:15:31 GMT">
  <testcase classname="com.naveenautomationlabs.AutomationFramework.Tests.MyAccountTest" name="@BeforeMethod setUp" time="0.0">
    <failure type="java.lang.NullPointerException">
      <![CDATA[java.lang.NullPointerException
at com.naveenautomationlabs.AutomationFramework.base.TestBase.intialisation(TestBase.java:62)
at com.naveenautomationlabs.AutomationFramework.Tests.MyAccountTest.setUp(MyAccountTest.java:27)
... Removed 33 stack frames]]>
    </failure>
  </testcase> <!-- @BeforeMethod setUp -->
  <testcase classname="com.naveenautomationlabs.AutomationFramework.Tests.MyAccountTest" name="@AfterMethod quit" time="0.0">
    <skipped/>
  </testcase> <!-- @AfterMethod quit -->
  <testcase classname="com.naveenautomationlabs.AutomationFramework.Tests.MyAccountTest" name="validateLogin" time="0.0">
    <skipped/>
  </testcase> <!-- validateLogin -->
  <testcase classname="com.naveenautomationlabs.AutomationFramework.Tests.MyAccountTest" name="validateRegisterUsingValidCredentials" time="0.0">
    <ignored/>
  </testcase> <!-- validateRegisterUsingValidCredentials -->
</testsuite> <!-- Surefire test -->
