<?xml version="1.0" encoding="UTF-8"?>
<!-- Generated by org.testng.reporters.JUnitXMLReporter -->
<testsuite ignored="0" hostname="user" failures="0" tests="2" name="Surefire test" time="16.197" errors="0" timestamp="09 Jul. 2023 22:11:58 GMT">
  <testcase classname="com.naveenautomationlabs.AutomationFramework.Tests.MyAccountTest" name="validateLogin" time="1.779"/>
  <testcase classname="com.naveenautomationlabs.AutomationFramework.Tests.MyAccountTest" name="validateRegisterUsingValidCredentials" time="3.635"/>
</testsuite> <!-- Surefire test -->
