<?xml version="1.0" encoding="UTF-8"?>
<!-- Generated by org.testng.reporters.JUnitXMLReporter -->
<testsuite ignored="1" hostname="user" failures="0" tests="1" name="Default test" time="7.168" errors="0" timestamp="2023-07-08T15:20:45 EDT">
  <testcase classname="com.naveenautomationlabs.AutomationFramework.Tests.MyAccountTest" name="validateLogin" time="1.614"/>
  <testcase classname="com.naveenautomationlabs.AutomationFramework.Tests.MyAccountTest" name="validateRegisterUsingValidCredentials" time="0.0">
    <ignored/>
  </testcase> <!-- validateRegisterUsingValidCredentials -->
</testsuite> <!-- Default test -->
