<?xml version="1.0" encoding="UTF-8"?>
<!-- Generated by org.testng.reporters.JUnitXMLReporter -->
<testsuite ignored="0" hostname="user" failures="0" tests="1" name="Test" time="0.576" errors="0" timestamp="2023-07-15T04:16:33 EDT">
  <testcase classname="com.naveenautomationlabs.AutomationFramework.Tests.MyAccountTest" name="@BeforeMethod setUp" time="0.001">
    <failure type="java.lang.NullPointerException" message="Cannot invoke &amp;quot;String.hashCode()&amp;quot; because &amp;quot;browser&amp;quot; is null">
      <![CDATA[java.lang.NullPointerException: Cannot invoke "String.hashCode()" because "browser" is null
at com.naveenautomationlabs.AutomationFramework.base.TestBase.intialisation(TestBase.java:62)
at com.naveenautomationlabs.AutomationFramework.Tests.MyAccountTest.setUp(MyAccountTest.java:27)
at java.base/java.util.ArrayList.forEach(ArrayList.java:1511)
... Removed 31 stack frames]]>
    </failure>
  </testcase> <!-- @BeforeMethod setUp -->
  <testcase classname="com.naveenautomationlabs.AutomationFramework.Tests.MyAccountTest" name="@AfterMethod quit" time="-1.689408993583E9">
    <skipped/>
  </testcase> <!-- @AfterMethod quit -->
  <testcase classname="com.naveenautomationlabs.AutomationFramework.Tests.MyAccountTest" name="validateLogin" time="0.0">
    <skipped/>
  </testcase> <!-- validateLogin -->
</testsuite> <!-- Test -->
