<?xml version="1.0" encoding="UTF-8"?>
<testng-results ignored="0" total="2" passed="2" failed="0" skipped="0">
  <reporter-output>
  </reporter-output>
  <suite started-at="2023-07-09T22:11:42Z" name="Surefire suite" finished-at="2023-07-09T22:11:58Z" duration-ms="16197">
    <groups>
    </groups>
    <test started-at="2023-07-09T22:11:42Z" name="Surefire test" finished-at="2023-07-09T22:11:58Z" duration-ms="16197">
      <class name="com.naveenautomationlabs.AutomationFramework.Tests.MyAccountTest">
        <test-method is-config="true" signature="setUpLogger()[pri:0, instance:com.naveenautomationlabs.AutomationFramework.Tests.MyAccountTest@c8c12ac]" started-at="2023-07-09T22:11:42Z" name="setUpLogger" finished-at="2023-07-09T22:11:42Z" duration-ms="125" status="PASS">
          <reporter-output>
          </reporter-output>
        </test-method> <!-- setUpLogger -->
        <test-method is-config="true" signature="setUp()[pri:0, instance:com.naveenautomationlabs.AutomationFramework.Tests.MyAccountTest@c8c12ac]" started-at="2023-07-09T22:11:42Z" name="setUp" finished-at="2023-07-09T22:11:49Z" duration-ms="6567" status="PASS">
          <reporter-output>
          </reporter-output>
        </test-method> <!-- setUp -->
        <test-method signature="validateLogin()[pri:0, instance:com.naveenautomationlabs.AutomationFramework.Tests.MyAccountTest@c8c12ac]" started-at="2023-07-09T22:11:49Z" name="validateLogin" finished-at="2023-07-09T22:11:50Z" duration-ms="1779" status="PASS">
          <reporter-output>
          </reporter-output>
        </test-method> <!-- validateLogin -->
        <test-method is-config="true" signature="quit()[pri:0, instance:com.naveenautomationlabs.AutomationFramework.Tests.MyAccountTest@c8c12ac]" started-at="2023-07-09T22:11:50Z" name="quit" finished-at="2023-07-09T22:11:51Z" duration-ms="183" status="PASS">
          <reporter-output>
          </reporter-output>
        </test-method> <!-- quit -->
        <test-method is-config="true" signature="setUp()[pri:0, instance:com.naveenautomationlabs.AutomationFramework.Tests.MyAccountTest@c8c12ac]" started-at="2023-07-09T22:11:51Z" name="setUp" finished-at="2023-07-09T22:11:54Z" duration-ms="3719" status="PASS">
          <reporter-output>
          </reporter-output>
        </test-method> <!-- setUp -->
        <test-method signature="validateRegisterUsingValidCredentials()[pri:0, instance:com.naveenautomationlabs.AutomationFramework.Tests.MyAccountTest@c8c12ac]" started-at="2023-07-09T22:11:54Z" name="validateRegisterUsingValidCredentials" finished-at="2023-07-09T22:11:58Z" duration-ms="3635" status="PASS">
          <reporter-output>
          </reporter-output>
        </test-method> <!-- validateRegisterUsingValidCredentials -->
        <test-method is-config="true" signature="quit()[pri:0, instance:com.naveenautomationlabs.AutomationFramework.Tests.MyAccountTest@c8c12ac]" started-at="2023-07-09T22:11:58Z" name="quit" finished-at="2023-07-09T22:11:58Z" duration-ms="167" status="PASS">
          <reporter-output>
          </reporter-output>
        </test-method> <!-- quit -->
      </class> <!-- com.naveenautomationlabs.AutomationFramework.Tests.MyAccountTest -->
    </test> <!-- Surefire test -->
  </suite> <!-- Surefire suite -->
</testng-results>
