<?xml version="1.0" encoding="UTF-8"?>
<testng-results ignored="0" total="2" passed="2" failed="0" skipped="0">
  <reporter-output>
  </reporter-output>
  <suite started-at="2023-07-09T17:33:00 EDT" name="Default suite" finished-at="2023-07-09T17:33:33 EDT" duration-ms="33306">
    <groups>
    </groups>
    <test started-at="2023-07-09T17:33:00 EDT" name="Default test" finished-at="2023-07-09T17:33:33 EDT" duration-ms="33306">
      <class name="com.naveenautomationlabs.AutomationFramework.Tests.MyAccountTest">
        <test-method is-config="true" signature="setUpLogger()[pri:0, instance:com.naveenautomationlabs.AutomationFramework.Tests.MyAccountTest@47987356]" started-at="2023-07-09T17:33:00 EDT" name="setUpLogger" finished-at="2023-07-09T17:33:00 EDT" duration-ms="272" status="PASS">
          <reporter-output>
          </reporter-output>
        </test-method> <!-- setUpLogger -->
        <test-method is-config="true" signature="setUp()[pri:0, instance:com.naveenautomationlabs.AutomationFramework.Tests.MyAccountTest@47987356]" started-at="2023-07-09T17:33:01 EDT" name="setUp" finished-at="2023-07-09T17:33:08 EDT" duration-ms="7759" status="PASS">
          <reporter-output>
          </reporter-output>
        </test-method> <!-- setUp -->
        <test-method signature="validateLogin()[pri:0, instance:com.naveenautomationlabs.AutomationFramework.Tests.MyAccountTest@47987356]" started-at="2023-07-09T17:33:08 EDT" name="validateLogin" finished-at="2023-07-09T17:33:13 EDT" duration-ms="4312" status="PASS">
          <reporter-output>
          </reporter-output>
        </test-method> <!-- validateLogin -->
        <test-method is-config="true" signature="quit()[pri:0, instance:com.naveenautomationlabs.AutomationFramework.Tests.MyAccountTest@47987356]" started-at="2023-07-09T17:33:13 EDT" name="quit" finished-at="2023-07-09T17:33:14 EDT" duration-ms="1052" status="PASS">
          <reporter-output>
          </reporter-output>
        </test-method> <!-- quit -->
        <test-method is-config="true" signature="setUp()[pri:0, instance:com.naveenautomationlabs.AutomationFramework.Tests.MyAccountTest@47987356]" started-at="2023-07-09T17:33:14 EDT" name="setUp" finished-at="2023-07-09T17:33:21 EDT" duration-ms="7279" status="PASS">
          <reporter-output>
          </reporter-output>
        </test-method> <!-- setUp -->
        <test-method signature="validateRegisterUsingValidCredentials()[pri:0, instance:com.naveenautomationlabs.AutomationFramework.Tests.MyAccountTest@47987356]" started-at="2023-07-09T17:33:21 EDT" name="validateRegisterUsingValidCredentials" finished-at="2023-07-09T17:33:32 EDT" duration-ms="11349" status="PASS">
          <reporter-output>
          </reporter-output>
        </test-method> <!-- validateRegisterUsingValidCredentials -->
        <test-method is-config="true" signature="quit()[pri:0, instance:com.naveenautomationlabs.AutomationFramework.Tests.MyAccountTest@47987356]" started-at="2023-07-09T17:33:32 EDT" name="quit" finished-at="2023-07-09T17:33:33 EDT" duration-ms="1162" status="PASS">
          <reporter-output>
          </reporter-output>
        </test-method> <!-- quit -->
      </class> <!-- com.naveenautomationlabs.AutomationFramework.Tests.MyAccountTest -->
    </test> <!-- Default test -->
  </suite> <!-- Default suite -->
</testng-results>
