<?xml version="1.0" encoding="UTF-8"?>
<testng-results ignored="0" total="1" passed="1" failed="0" skipped="0">
  <reporter-output>
  </reporter-output>
  <suite started-at="2023-07-09T18:25:49 EDT" name="Suite" finished-at="2023-07-09T18:25:56 EDT" duration-ms="7796">
    <groups>
    </groups>
    <test started-at="2023-07-09T18:25:49 EDT" name="Test" finished-at="2023-07-09T18:25:56 EDT" duration-ms="7796">
      <class name="com.naveenautomationlabs.AutomationFramework.Tests.MyAccountTest">
        <test-method is-config="true" signature="setUpLogger()[pri:0, instance:com.naveenautomationlabs.AutomationFramework.Tests.MyAccountTest@66d3eec0]" started-at="2023-07-09T18:25:49 EDT" name="setUpLogger" finished-at="2023-07-09T18:25:49 EDT" duration-ms="63" status="PASS">
          <reporter-output>
          </reporter-output>
        </test-method> <!-- setUpLogger -->
        <test-method is-config="true" signature="setUp()[pri:0, instance:com.naveenautomationlabs.AutomationFramework.Tests.MyAccountTest@66d3eec0]" started-at="2023-07-09T18:25:49 EDT" name="setUp" finished-at="2023-07-09T18:25:54 EDT" duration-ms="5245" status="PASS">
          <reporter-output>
          </reporter-output>
        </test-method> <!-- setUp -->
        <test-method signature="validateLogin()[pri:0, instance:com.naveenautomationlabs.AutomationFramework.Tests.MyAccountTest@66d3eec0]" started-at="2023-07-09T18:25:54 EDT" name="validateLogin" finished-at="2023-07-09T18:25:56 EDT" duration-ms="1865" status="PASS">
          <reporter-output>
          </reporter-output>
        </test-method> <!-- validateLogin -->
        <test-method is-config="true" signature="quit()[pri:0, instance:com.naveenautomationlabs.AutomationFramework.Tests.MyAccountTest@66d3eec0]" started-at="2023-07-09T18:25:56 EDT" name="quit" finished-at="2023-07-09T18:25:56 EDT" duration-ms="124" status="PASS">
          <reporter-output>
          </reporter-output>
        </test-method> <!-- quit -->
      </class> <!-- com.naveenautomationlabs.AutomationFramework.Tests.MyAccountTest -->
    </test> <!-- Test -->
  </suite> <!-- Suite -->
</testng-results>
